20-Apr-2017 11:34:04.100 INFOS [main] org.apache.catalina.startup.VersionLoggerListener.log Server version:        Apache Tomcat/8.0.43
20-Apr-2017 11:34:04.103 INFOS [main] org.apache.catalina.startup.VersionLoggerListener.log Server built:          Mar 28 2017 14:42:59 UTC
20-Apr-2017 11:34:04.103 INFOS [main] org.apache.catalina.startup.VersionLoggerListener.log Server number:         8.0.43.0
20-Apr-2017 11:34:04.103 INFOS [main] org.apache.catalina.startup.VersionLoggerListener.log OS Name:               Linux
20-Apr-2017 11:34:04.103 INFOS [main] org.apache.catalina.startup.VersionLoggerListener.log OS Version:            4.8.0-46-generic
20-Apr-2017 11:34:04.103 INFOS [main] org.apache.catalina.startup.VersionLoggerListener.log Architecture:          amd64
20-Apr-2017 11:34:04.103 INFOS [main] org.apache.catalina.startup.VersionLoggerListener.log Java Home:             /usr/lib/jvm/java-8-oracle/jre
20-Apr-2017 11:34:04.104 INFOS [main] org.apache.catalina.startup.VersionLoggerListener.log JVM Version:           1.8.0_121-b13
20-Apr-2017 11:34:04.104 INFOS [main] org.apache.catalina.startup.VersionLoggerListener.log JVM Vendor:            Oracle Corporation
20-Apr-2017 11:34:04.104 INFOS [main] org.apache.catalina.startup.VersionLoggerListener.log CATALINA_BASE:         /home/vkarassouloff/Bureau/apache-tomcat-8.0.43
20-Apr-2017 11:34:04.104 INFOS [main] org.apache.catalina.startup.VersionLoggerListener.log CATALINA_HOME:         /home/vkarassouloff/Bureau/apache-tomcat-8.0.43
20-Apr-2017 11:34:04.104 INFOS [main] org.apache.catalina.startup.VersionLoggerListener.log Command line argument: -Djava.util.logging.config.file=/home/vkarassouloff/Bureau/apache-tomcat-8.0.43/conf/logging.properties
20-Apr-2017 11:34:04.104 INFOS [main] org.apache.catalina.startup.VersionLoggerListener.log Command line argument: -Djava.util.logging.manager=org.apache.juli.ClassLoaderLogManager
20-Apr-2017 11:34:04.105 INFOS [main] org.apache.catalina.startup.VersionLoggerListener.log Command line argument: -Djdk.tls.ephemeralDHKeySize=2048
20-Apr-2017 11:34:04.105 INFOS [main] org.apache.catalina.startup.VersionLoggerListener.log Command line argument: -Djava.protocol.handler.pkgs=org.apache.catalina.webresources
20-Apr-2017 11:34:04.105 INFOS [main] org.apache.catalina.startup.VersionLoggerListener.log Command line argument: -Djava.endorsed.dirs=/home/vkarassouloff/Bureau/apache-tomcat-8.0.43/endorsed
20-Apr-2017 11:34:04.105 INFOS [main] org.apache.catalina.startup.VersionLoggerListener.log Command line argument: -Dcatalina.base=/home/vkarassouloff/Bureau/apache-tomcat-8.0.43
20-Apr-2017 11:34:04.105 INFOS [main] org.apache.catalina.startup.VersionLoggerListener.log Command line argument: -Dcatalina.home=/home/vkarassouloff/Bureau/apache-tomcat-8.0.43
20-Apr-2017 11:34:04.105 INFOS [main] org.apache.catalina.startup.VersionLoggerListener.log Command line argument: -Djava.io.tmpdir=/home/vkarassouloff/Bureau/apache-tomcat-8.0.43/temp
20-Apr-2017 11:34:04.105 INFOS [main] org.apache.catalina.core.AprLifecycleListener.lifecycleEvent The APR based Apache Tomcat Native library which allows optimal performance in production environments was not found on the java.library.path: /usr/java/packages/lib/amd64:/usr/lib64:/lib64:/lib:/usr/lib
20-Apr-2017 11:34:04.270 INFOS [main] org.apache.coyote.AbstractProtocol.init Initializing ProtocolHandler ["http-nio-8080"]
20-Apr-2017 11:34:04.286 INFOS [main] org.apache.tomcat.util.net.NioSelectorPool.getSharedSelector Using a shared selector for servlet write/read
20-Apr-2017 11:34:04.288 INFOS [main] org.apache.coyote.AbstractProtocol.init Initializing ProtocolHandler ["ajp-nio-8009"]
20-Apr-2017 11:34:04.290 INFOS [main] org.apache.tomcat.util.net.NioSelectorPool.getSharedSelector Using a shared selector for servlet write/read
20-Apr-2017 11:34:04.290 INFOS [main] org.apache.catalina.startup.Catalina.load Initialization processed in 598 ms
20-Apr-2017 11:34:04.324 INFOS [main] org.apache.catalina.core.StandardService.startInternal Démarrage du service Catalina
20-Apr-2017 11:34:04.324 INFOS [main] org.apache.catalina.core.StandardEngine.startInternal Starting Servlet Engine: Apache Tomcat/8.0.43
20-Apr-2017 11:34:04.332 INFOS [localhost-startStop-1] org.apache.catalina.startup.HostConfig.deployDirectory Déploiement du répertoire /home/vkarassouloff/Bureau/apache-tomcat-8.0.43/webapps/ROOT de l'application web
20-Apr-2017 11:34:05.086 INFOS [localhost-startStop-1] org.apache.jasper.servlet.TldScanner.scanJars At least one JAR was scanned for TLDs yet contained no TLDs. Enable debug logging for this logger for a complete list of JARs that were scanned but no TLDs were found in them. Skipping unneeded JARs during scanning can improve startup time and JSP compilation time.
20-Apr-2017 11:34:05.169 INFOS [localhost-startStop-1] org.apache.catalina.startup.HostConfig.deployDirectory Deployment of web application directory /home/vkarassouloff/Bureau/apache-tomcat-8.0.43/webapps/ROOT has finished in 835 ms
20-Apr-2017 11:34:05.170 INFOS [localhost-startStop-1] org.apache.catalina.startup.HostConfig.deployDirectory Déploiement du répertoire /home/vkarassouloff/Bureau/apache-tomcat-8.0.43/webapps/host-manager de l'application web
20-Apr-2017 11:34:05.198 INFOS [localhost-startStop-1] org.apache.catalina.startup.HostConfig.deployDirectory Deployment of web application directory /home/vkarassouloff/Bureau/apache-tomcat-8.0.43/webapps/host-manager has finished in 29 ms
20-Apr-2017 11:34:05.199 INFOS [localhost-startStop-1] org.apache.catalina.startup.HostConfig.deployDirectory Déploiement du répertoire /home/vkarassouloff/Bureau/apache-tomcat-8.0.43/webapps/manager de l'application web
20-Apr-2017 11:34:05.215 INFOS [localhost-startStop-1] org.apache.catalina.startup.HostConfig.deployDirectory Deployment of web application directory /home/vkarassouloff/Bureau/apache-tomcat-8.0.43/webapps/manager has finished in 16 ms
20-Apr-2017 11:34:05.215 INFOS [localhost-startStop-1] org.apache.catalina.startup.HostConfig.deployDirectory Déploiement du répertoire /home/vkarassouloff/Bureau/apache-tomcat-8.0.43/webapps/docs de l'application web
20-Apr-2017 11:34:05.228 INFOS [localhost-startStop-1] org.apache.catalina.startup.HostConfig.deployDirectory Deployment of web application directory /home/vkarassouloff/Bureau/apache-tomcat-8.0.43/webapps/docs has finished in 13 ms
20-Apr-2017 11:34:05.228 INFOS [localhost-startStop-1] org.apache.catalina.startup.HostConfig.deployDirectory Déploiement du répertoire /home/vkarassouloff/Bureau/apache-tomcat-8.0.43/webapps/examples de l'application web
20-Apr-2017 11:34:05.394 INFOS [localhost-startStop-1] org.apache.catalina.startup.HostConfig.deployDirectory Deployment of web application directory /home/vkarassouloff/Bureau/apache-tomcat-8.0.43/webapps/examples has finished in 166 ms
20-Apr-2017 11:34:05.397 INFOS [main] org.apache.coyote.AbstractProtocol.start Starting ProtocolHandler ["http-nio-8080"]
20-Apr-2017 11:34:05.403 INFOS [main] org.apache.coyote.AbstractProtocol.start Starting ProtocolHandler ["ajp-nio-8009"]
20-Apr-2017 11:34:05.406 INFOS [main] org.apache.catalina.startup.Catalina.start Server startup in 1115 ms
20-Apr-2017 11:41:00.400 AVERTISSEMENT [main] org.apache.catalina.core.StandardServer.await StandardServer.await: Invalid command '' received
20-Apr-2017 11:41:07.102 INFOS [Thread-5] org.apache.coyote.AbstractProtocol.pause Pausing ProtocolHandler ["http-nio-8080"]
20-Apr-2017 11:41:07.154 INFOS [Thread-5] org.apache.coyote.AbstractProtocol.pause Pausing ProtocolHandler ["ajp-nio-8009"]
20-Apr-2017 11:41:07.205 INFOS [Thread-5] org.apache.catalina.core.StandardService.stopInternal Arrêt du service Catalina
20-Apr-2017 11:41:07.235 AVERTISSEMENT [localhost-startStop-2] org.apache.catalina.loader.WebappClassLoaderBase.clearReferencesJdbc The web application [ROOT] registered the JDBC driver [com.mysql.jdbc.Driver] but failed to unregister it when the web application was stopped. To prevent a memory leak, the JDBC Driver has been forcibly unregistered.
20-Apr-2017 11:41:07.236 AVERTISSEMENT [localhost-startStop-2] org.apache.catalina.loader.WebappClassLoaderBase.clearReferencesThreads The web application [ROOT] appears to have started a thread named [Abandoned connection cleanup thread] but has failed to stop it. This is very likely to create a memory leak. Stack trace of thread:
 java.lang.Object.wait(Native Method)
 java.lang.ref.ReferenceQueue.remove(ReferenceQueue.java:143)
 com.mysql.jdbc.AbandonedConnectionCleanupThread.run(AbandonedConnectionCleanupThread.java:64)
 java.util.concurrent.ThreadPoolExecutor.runWorker(ThreadPoolExecutor.java:1142)
 java.util.concurrent.ThreadPoolExecutor$Worker.run(ThreadPoolExecutor.java:617)
 java.lang.Thread.run(Thread.java:745)
20-Apr-2017 11:41:07.267 INFOS [Thread-5] org.apache.coyote.AbstractProtocol.stop Stopping ProtocolHandler ["http-nio-8080"]
20-Apr-2017 11:41:07.270 INFOS [Thread-5] org.apache.coyote.AbstractProtocol.stop Stopping ProtocolHandler ["ajp-nio-8009"]
20-Apr-2017 11:41:07.273 INFOS [Thread-5] org.apache.coyote.AbstractProtocol.destroy Destroying ProtocolHandler ["http-nio-8080"]
20-Apr-2017 11:41:07.274 INFOS [Thread-5] org.apache.coyote.AbstractProtocol.destroy Destroying ProtocolHandler ["ajp-nio-8009"]
